<?xml version="1.0" encoding="UTF-8"?>
<!-- Generated by org.testng.reporters.JUnitXMLReporter -->
<testsuite ignored="0" hostname="DESKTOP-S8MO7BS" failures="2" tests="14" name="Test" time="51.847" errors="0" timestamp="2022-10-07T13:43:28 IST">
  <testcase classname="com.vyasa.automation.maventesting.DemoTestNG" name="testCase1" time="0.002"/>
  <testcase classname="com.vyasa.automation.maventesting.DemoTestNG" name="testCase2" time="0.0"/>
  <testcase classname="com.vyasa.automation.maventesting.DemoTestNG" name="testCase3" time="0.0"/>
  <testcase classname="com.vyasa.automation.maventesting.DemoTestNG" name="testCase4" time="0.001"/>
  <testcase classname="com.vyasa.automation.maventesting.TestNGSample" name="openBrowser" time="12.083"/>
  <testcase classname="com.vyasa.automation.maventesting.TestNGSample" name="verifyCartDisplay" time="0.894"/>
  <testcase classname="com.vyasa.automation.maventesting.TestNGSample" name="verifyHomePageLoaded" time="0.295">
    <failure type="org.openqa.selenium.NoSuchSessionException" message="invalid session id
Build info: version: &amp;apos;3.141.59&amp;apos;, revision: &amp;apos;e82be7d358&amp;apos;, time: &amp;apos;2018-11-14T08:17:03&amp;apos;
System info: host: &amp;apos;DESKTOP-S8MO7BS&amp;apos;, ip: &amp;apos;192.168.1.3&amp;apos;, os.name: &amp;apos;Windows 10&amp;apos;, os.arch: &amp;apos;amd64&amp;apos;, os.version: &amp;apos;10.0&amp;apos;, java.version: &amp;apos;17.0.2&amp;apos;
Driver info: org.openqa.selenium.chrome.ChromeDriver
Capabilities {acceptInsecureCerts: false, browserName: chrome, browserVersion: 106.0.5249.103, chrome: {chromedriverVersion: 105.0.5195.52 (412c95e51883..., userDataDir: C:\Users\admin\AppData\Loca...}, goog:chromeOptions: {debuggerAddress: localhost:56324}, javascriptEnabled: true, networkConnectionEnabled: false, pageLoadStrategy: normal, platform: WINDOWS, platformName: WINDOWS, proxy: Proxy(), setWindowRect: true, strictFileInteractability: false, timeouts: {implicit: 0, pageLoad: 300000, script: 30000}, unhandledPromptBehavior: dismiss and notify, webauthn:extension:credBlob: true, webauthn:extension:largeBlob: true, webauthn:virtualAuthenticators: true}
Session ID: d7ce481de5a286c24b2ea28d3048b7e8">
      <![CDATA[org.openqa.selenium.NoSuchSessionException: invalid session id
Build info: version: '3.141.59', revision: 'e82be7d358', time: '2018-11-14T08:17:03'
System info: host: 'DESKTOP-S8MO7BS', ip: '192.168.1.3', os.name: 'Windows 10', os.arch: 'amd64', os.version: '10.0', java.version: '17.0.2'
Driver info: org.openqa.selenium.chrome.ChromeDriver
Capabilities {acceptInsecureCerts: false, browserName: chrome, browserVersion: 106.0.5249.103, chrome: {chromedriverVersion: 105.0.5195.52 (412c95e51883..., userDataDir: C:\Users\admin\AppData\Loca...}, goog:chromeOptions: {debuggerAddress: localhost:56324}, javascriptEnabled: true, networkConnectionEnabled: false, pageLoadStrategy: normal, platform: WINDOWS, platformName: WINDOWS, proxy: Proxy(), setWindowRect: true, strictFileInteractability: false, timeouts: {implicit: 0, pageLoad: 300000, script: 30000}, unhandledPromptBehavior: dismiss and notify, webauthn:extension:credBlob: true, webauthn:extension:largeBlob: true, webauthn:virtualAuthenticators: true}
Session ID: d7ce481de5a286c24b2ea28d3048b7e8
at org.openqa.selenium.remote.http.W3CHttpResponseCodec.createException(W3CHttpResponseCodec.java:187)
at org.openqa.selenium.remote.http.W3CHttpResponseCodec.decode(W3CHttpResponseCodec.java:122)
at org.openqa.selenium.remote.http.W3CHttpResponseCodec.decode(W3CHttpResponseCodec.java:49)
at org.openqa.selenium.remote.HttpCommandExecutor.execute(HttpCommandExecutor.java:158)
at org.openqa.selenium.remote.service.DriverCommandExecutor.execute(DriverCommandExecutor.java:83)
at org.openqa.selenium.remote.RemoteWebDriver.execute(RemoteWebDriver.java:552)
at org.openqa.selenium.remote.RemoteWebDriver.execute(RemoteWebDriver.java:609)
at org.openqa.selenium.remote.RemoteWebDriver.getCurrentUrl(RemoteWebDriver.java:287)
at com.vyasa.automation.maventesting.TestNGSample.verifyHomePageLoaded(TestNGSample.java:31)
at java.base/java.util.ArrayList.forEach(ArrayList.java:1511)
... Removed 36 stack frames]]>
    </failure>
  </testcase> <!-- verifyHomePageLoaded -->
  <testcase classname="com.vyasa.automation.maventesting.TestNGAnnotations" name="testMethod" time="0.0"/>
  <testcase classname="com.vyasa.automation.maventesting.HomepageAutomation" name="verifyHomepageLodead" time="0.061"/>
  <testcase classname="com.vyasa.automation.maventesting.HomepageAutomation" name="verifyNewarrivalsIsDispled" time="0.093"/>
  <testcase classname="com.vyasa.automation.maventesting.HomepageAutomation" name="homepageWithThreeSlider" time="0.028"/>
  <testcase classname="com.vyasa.automation.maventesting.HomepageAutomation" name="homepageWithThreeArrivals" time="0.022"/>
  <testcase classname="com.vyasa.automation.maventesting.HomepageAutomation" name="homepageWithThreeArrivalsNevigation" time="9.707">
    <failure type="java.lang.AssertionError" message="expected [Selenium Ruby] but found []">
      <![CDATA[java.lang.AssertionError: expected [Selenium Ruby] but found []
at com.vyasa.automation.maventesting.HomepageAutomation.homepageWithThreeArrivalsNevigation(HomepageAutomation.java:65)
at java.base/java.util.ArrayList.forEach(ArrayList.java:1511)
... Removed 36 stack frames]]>
    </failure>
  </testcase> <!-- homepageWithThreeArrivalsNevigation -->
  <testcase classname="com.vyasa.automation.maventesting.DataProviderDemo" name="verifyUserLogon" time="3.559"/>
</testsuite> <!-- Test -->
