<?xml version="1.0" encoding="UTF-8"?>
<testng-results ignored="0" total="14" passed="12" failed="2" skipped="0">
  <reporter-output>
  </reporter-output>
  <suite started-at="2022-10-07T13:42:36 IST" name="Suite" finished-at="2022-10-07T13:43:28 IST" duration-ms="51847">
    <groups>
    </groups>
    <test started-at="2022-10-07T13:42:36 IST" name="Test" finished-at="2022-10-07T13:43:28 IST" duration-ms="51847">
      <class name="com.vyasa.automation.maventesting.DataProviderDemo">
        <test-method is-config="true" signature="OpenBrowser()[pri:0, instance:com.vyasa.automation.maventesting.DataProviderDemo@2abf4075]" started-at="2022-10-07T13:43:16 IST" name="OpenBrowser" finished-at="2022-10-07T13:43:24 IST" duration-ms="8397" status="PASS">
          <reporter-output>
          </reporter-output>
        </test-method> <!-- OpenBrowser -->
        <test-method signature="verifyUserLogon(java.lang.String, java.lang.String, java.lang.String)[pri:0, instance:com.vyasa.automation.maventesting.DataProviderDemo@2abf4075]" started-at="2022-10-07T13:43:24 IST" name="verifyUserLogon" data-provider="LoginData" finished-at="2022-10-07T13:43:28 IST" duration-ms="3559" status="PASS">
          <params>
            <param index="0">
              <value>
                <![CDATA[succlogin]]>
              </value>
            </param>
            <param index="1">
              <value>
                <![CDATA[vyasainstitute2022@gmail.com]]>
              </value>
            </param>
            <param index="2">
              <value>
                <![CDATA[Vyasa@12345]]>
              </value>
            </param>
          </params>
          <reporter-output>
          </reporter-output>
        </test-method> <!-- verifyUserLogon -->
        <test-method is-config="true" signature="closeBrowser()[pri:0, instance:com.vyasa.automation.maventesting.DataProviderDemo@2abf4075]" started-at="2022-10-07T13:43:28 IST" name="closeBrowser" finished-at="2022-10-07T13:43:28 IST" duration-ms="528" status="PASS">
          <reporter-output>
          </reporter-output>
        </test-method> <!-- closeBrowser -->
      </class> <!-- com.vyasa.automation.maventesting.DataProviderDemo -->
      <class name="com.vyasa.automation.maventesting.DemoTestNG">
        <test-method signature="testCase1()[pri:0, instance:com.vyasa.automation.maventesting.DemoTestNG@62e7f11d]" started-at="2022-10-07T13:42:36 IST" name="testCase1" finished-at="2022-10-07T13:42:36 IST" duration-ms="2" status="PASS">
          <reporter-output>
          </reporter-output>
        </test-method> <!-- testCase1 -->
        <test-method signature="testCase2()[pri:0, instance:com.vyasa.automation.maventesting.DemoTestNG@62e7f11d]" started-at="2022-10-07T13:42:36 IST" name="testCase2" finished-at="2022-10-07T13:42:36 IST" duration-ms="0" status="PASS">
          <reporter-output>
          </reporter-output>
        </test-method> <!-- testCase2 -->
        <test-method signature="testCase3()[pri:0, instance:com.vyasa.automation.maventesting.DemoTestNG@62e7f11d]" started-at="2022-10-07T13:42:36 IST" name="testCase3" finished-at="2022-10-07T13:42:36 IST" duration-ms="0" status="PASS">
          <reporter-output>
          </reporter-output>
        </test-method> <!-- testCase3 -->
        <test-method signature="testCase4()[pri:0, instance:com.vyasa.automation.maventesting.DemoTestNG@62e7f11d]" started-at="2022-10-07T13:42:36 IST" name="testCase4" finished-at="2022-10-07T13:42:36 IST" duration-ms="1" status="PASS">
          <reporter-output>
          </reporter-output>
        </test-method> <!-- testCase4 -->
      </class> <!-- com.vyasa.automation.maventesting.DemoTestNG -->
      <class name="com.vyasa.automation.maventesting.TestNGSample">
        <test-method signature="openBrowser()[pri:0, instance:com.vyasa.automation.maventesting.TestNGSample@503d687a]" started-at="2022-10-07T13:42:36 IST" name="openBrowser" finished-at="2022-10-07T13:42:48 IST" duration-ms="12083" status="PASS">
          <reporter-output>
          </reporter-output>
        </test-method> <!-- openBrowser -->
        <test-method signature="verifyCartDisplay()[pri:0, instance:com.vyasa.automation.maventesting.TestNGSample@503d687a]" started-at="2022-10-07T13:42:48 IST" name="verifyCartDisplay" finished-at="2022-10-07T13:42:49 IST" duration-ms="894" status="PASS">
          <reporter-output>
          </reporter-output>
        </test-method> <!-- verifyCartDisplay -->
        <test-method signature="verifyHomePageLoaded()[pri:0, instance:com.vyasa.automation.maventesting.TestNGSample@503d687a]" started-at="2022-10-07T13:42:49 IST" name="verifyHomePageLoaded" finished-at="2022-10-07T13:42:50 IST" duration-ms="295" status="FAIL">
          <exception class="org.openqa.selenium.NoSuchSessionException">
            <message>
              <![CDATA[invalid session id
Build info: version: '3.141.59', revision: 'e82be7d358', time: '2018-11-14T08:17:03'
System info: host: 'DESKTOP-S8MO7BS', ip: '192.168.1.3', os.name: 'Windows 10', os.arch: 'amd64', os.version: '10.0', java.version: '17.0.2'
Driver info: org.openqa.selenium.chrome.ChromeDriver
Capabilities {acceptInsecureCerts: false, browserName: chrome, browserVersion: 106.0.5249.103, chrome: {chromedriverVersion: 105.0.5195.52 (412c95e51883..., userDataDir: C:\Users\admin\AppData\Loca...}, goog:chromeOptions: {debuggerAddress: localhost:56324}, javascriptEnabled: true, networkConnectionEnabled: false, pageLoadStrategy: normal, platform: WINDOWS, platformName: WINDOWS, proxy: Proxy(), setWindowRect: true, strictFileInteractability: false, timeouts: {implicit: 0, pageLoad: 300000, script: 30000}, unhandledPromptBehavior: dismiss and notify, webauthn:extension:credBlob: true, webauthn:extension:largeBlob: true, webauthn:virtualAuthenticators: true}
Session ID: d7ce481de5a286c24b2ea28d3048b7e8]]>
            </message>
            <full-stacktrace>
              <![CDATA[org.openqa.selenium.NoSuchSessionException: invalid session id
Build info: version: '3.141.59', revision: 'e82be7d358', time: '2018-11-14T08:17:03'
System info: host: 'DESKTOP-S8MO7BS', ip: '192.168.1.3', os.name: 'Windows 10', os.arch: 'amd64', os.version: '10.0', java.version: '17.0.2'
Driver info: org.openqa.selenium.chrome.ChromeDriver
Capabilities {acceptInsecureCerts: false, browserName: chrome, browserVersion: 106.0.5249.103, chrome: {chromedriverVersion: 105.0.5195.52 (412c95e51883..., userDataDir: C:\Users\admin\AppData\Loca...}, goog:chromeOptions: {debuggerAddress: localhost:56324}, javascriptEnabled: true, networkConnectionEnabled: false, pageLoadStrategy: normal, platform: WINDOWS, platformName: WINDOWS, proxy: Proxy(), setWindowRect: true, strictFileInteractability: false, timeouts: {implicit: 0, pageLoad: 300000, script: 30000}, unhandledPromptBehavior: dismiss and notify, webauthn:extension:credBlob: true, webauthn:extension:largeBlob: true, webauthn:virtualAuthenticators: true}
Session ID: d7ce481de5a286c24b2ea28d3048b7e8
at java.base/jdk.internal.reflect.NativeConstructorAccessorImpl.newInstance0(Native Method)
at java.base/jdk.internal.reflect.NativeConstructorAccessorImpl.newInstance(NativeConstructorAccessorImpl.java:77)
at java.base/jdk.internal.reflect.DelegatingConstructorAccessorImpl.newInstance(DelegatingConstructorAccessorImpl.java:45)
at java.base/java.lang.reflect.Constructor.newInstanceWithCaller(Constructor.java:499)
at java.base/java.lang.reflect.Constructor.newInstance(Constructor.java:480)
at org.openqa.selenium.remote.http.W3CHttpResponseCodec.createException(W3CHttpResponseCodec.java:187)
at org.openqa.selenium.remote.http.W3CHttpResponseCodec.decode(W3CHttpResponseCodec.java:122)
at org.openqa.selenium.remote.http.W3CHttpResponseCodec.decode(W3CHttpResponseCodec.java:49)
at org.openqa.selenium.remote.HttpCommandExecutor.execute(HttpCommandExecutor.java:158)
at org.openqa.selenium.remote.service.DriverCommandExecutor.execute(DriverCommandExecutor.java:83)
at org.openqa.selenium.remote.RemoteWebDriver.execute(RemoteWebDriver.java:552)
at org.openqa.selenium.remote.RemoteWebDriver.execute(RemoteWebDriver.java:609)
at org.openqa.selenium.remote.RemoteWebDriver.getCurrentUrl(RemoteWebDriver.java:287)
at com.vyasa.automation.maventesting.TestNGSample.verifyHomePageLoaded(TestNGSample.java:31)
at java.base/jdk.internal.reflect.NativeMethodAccessorImpl.invoke0(Native Method)
at java.base/jdk.internal.reflect.NativeMethodAccessorImpl.invoke(NativeMethodAccessorImpl.java:77)
at java.base/jdk.internal.reflect.DelegatingMethodAccessorImpl.invoke(DelegatingMethodAccessorImpl.java:43)
at java.base/java.lang.reflect.Method.invoke(Method.java:568)
at org.testng.internal.MethodInvocationHelper.invokeMethod(MethodInvocationHelper.java:134)
at org.testng.internal.TestInvoker.invokeMethod(TestInvoker.java:597)
at org.testng.internal.TestInvoker.invokeTestMethod(TestInvoker.java:173)
at org.testng.internal.MethodRunner.runInSequence(MethodRunner.java:46)
at org.testng.internal.TestInvoker$MethodInvocationAgent.invoke(TestInvoker.java:816)
at org.testng.internal.TestInvoker.invokeTestMethods(TestInvoker.java:146)
at org.testng.internal.TestMethodWorker.invokeTestMethods(TestMethodWorker.java:146)
at org.testng.internal.TestMethodWorker.run(TestMethodWorker.java:128)
at java.base/java.util.ArrayList.forEach(ArrayList.java:1511)
at org.testng.TestRunner.privateRun(TestRunner.java:766)
at org.testng.TestRunner.run(TestRunner.java:587)
at org.testng.SuiteRunner.runTest(SuiteRunner.java:384)
at org.testng.SuiteRunner.runSequentially(SuiteRunner.java:378)
at org.testng.SuiteRunner.privateRun(SuiteRunner.java:337)
at org.testng.SuiteRunner.run(SuiteRunner.java:286)
at org.testng.SuiteRunnerWorker.runSuite(SuiteRunnerWorker.java:53)
at org.testng.SuiteRunnerWorker.run(SuiteRunnerWorker.java:96)
at org.testng.TestNG.runSuitesSequentially(TestNG.java:1187)
at org.testng.TestNG.runSuitesLocally(TestNG.java:1109)
at org.testng.TestNG.runSuites(TestNG.java:1039)
at org.testng.TestNG.run(TestNG.java:1007)
at org.apache.maven.surefire.testng.TestNGExecutor.run(TestNGExecutor.java:284)
at org.apache.maven.surefire.testng.TestNGXmlTestSuite.execute(TestNGXmlTestSuite.java:75)
at org.apache.maven.surefire.testng.TestNGProvider.invoke(TestNGProvider.java:119)
at org.apache.maven.surefire.booter.ForkedBooter.runSuitesInProcess(ForkedBooter.java:428)
at org.apache.maven.surefire.booter.ForkedBooter.execute(ForkedBooter.java:162)
at org.apache.maven.surefire.booter.ForkedBooter.run(ForkedBooter.java:562)
at org.apache.maven.surefire.booter.ForkedBooter.main(ForkedBooter.java:548)
]]>
            </full-stacktrace>
          </exception> <!-- org.openqa.selenium.NoSuchSessionException -->
          <reporter-output>
          </reporter-output>
        </test-method> <!-- verifyHomePageLoaded -->
      </class> <!-- com.vyasa.automation.maventesting.TestNGSample -->
      <class name="com.vyasa.automation.maventesting.HomepageAutomation">
        <test-method is-config="true" signature="browserSetup()[pri:0, instance:com.vyasa.automation.maventesting.HomepageAutomation@6a370f4]" started-at="2022-10-07T13:42:50 IST" name="browserSetup" finished-at="2022-10-07T13:43:05 IST" duration-ms="15355" status="PASS">
          <reporter-output>
          </reporter-output>
        </test-method> <!-- browserSetup -->
        <test-method signature="verifyHomepageLodead()[pri:1, instance:com.vyasa.automation.maventesting.HomepageAutomation@6a370f4]" started-at="2022-10-07T13:43:05 IST" name="verifyHomepageLodead" description="verify Homepage is lodead" finished-at="2022-10-07T13:43:05 IST" duration-ms="61" status="PASS">
          <reporter-output>
          </reporter-output>
        </test-method> <!-- verifyHomepageLodead -->
        <test-method signature="verifyNewarrivalsIsDispled()[pri:2, instance:com.vyasa.automation.maventesting.HomepageAutomation@6a370f4]" started-at="2022-10-07T13:43:05 IST" name="verifyNewarrivalsIsDispled" description="verify New arriva is IsDispled" finished-at="2022-10-07T13:43:05 IST" duration-ms="93" status="PASS">
          <reporter-output>
          </reporter-output>
        </test-method> <!-- verifyNewarrivalsIsDispled -->
        <test-method signature="homepageWithThreeSlider()[pri:3, instance:com.vyasa.automation.maventesting.HomepageAutomation@6a370f4]" started-at="2022-10-07T13:43:05 IST" name="homepageWithThreeSlider" description="verify Homepage With Three Slider" finished-at="2022-10-07T13:43:05 IST" duration-ms="28" status="PASS">
          <reporter-output>
          </reporter-output>
        </test-method> <!-- homepageWithThreeSlider -->
        <test-method signature="homepageWithThreeArrivals()[pri:4, instance:com.vyasa.automation.maventesting.HomepageAutomation@6a370f4]" started-at="2022-10-07T13:43:05 IST" name="homepageWithThreeArrivals" description="verify Homepage With Three Arrivals" finished-at="2022-10-07T13:43:05 IST" duration-ms="22" status="PASS">
          <reporter-output>
          </reporter-output>
        </test-method> <!-- homepageWithThreeArrivals -->
        <test-method signature="homepageWithThreeArrivalsNevigation()[pri:4, instance:com.vyasa.automation.maventesting.HomepageAutomation@6a370f4]" started-at="2022-10-07T13:43:05 IST" name="homepageWithThreeArrivalsNevigation" description="verify Homepage With Three Arrivals is Nevigation" finished-at="2022-10-07T13:43:15 IST" duration-ms="9707" status="FAIL">
          <exception class="java.lang.AssertionError">
            <message>
              <![CDATA[expected [Selenium Ruby] but found []]]>
            </message>
            <full-stacktrace>
              <![CDATA[java.lang.AssertionError: expected [Selenium Ruby] but found []
at org.testng.Assert.fail(Assert.java:97)
at org.testng.Assert.assertEqualsImpl(Assert.java:136)
at org.testng.Assert.assertEquals(Assert.java:118)
at org.testng.Assert.assertEquals(Assert.java:575)
at org.testng.Assert.assertEquals(Assert.java:585)
at com.vyasa.automation.maventesting.HomepageAutomation.homepageWithThreeArrivalsNevigation(HomepageAutomation.java:65)
at java.base/jdk.internal.reflect.NativeMethodAccessorImpl.invoke0(Native Method)
at java.base/jdk.internal.reflect.NativeMethodAccessorImpl.invoke(NativeMethodAccessorImpl.java:77)
at java.base/jdk.internal.reflect.DelegatingMethodAccessorImpl.invoke(DelegatingMethodAccessorImpl.java:43)
at java.base/java.lang.reflect.Method.invoke(Method.java:568)
at org.testng.internal.MethodInvocationHelper.invokeMethod(MethodInvocationHelper.java:134)
at org.testng.internal.TestInvoker.invokeMethod(TestInvoker.java:597)
at org.testng.internal.TestInvoker.invokeTestMethod(TestInvoker.java:173)
at org.testng.internal.MethodRunner.runInSequence(MethodRunner.java:46)
at org.testng.internal.TestInvoker$MethodInvocationAgent.invoke(TestInvoker.java:816)
at org.testng.internal.TestInvoker.invokeTestMethods(TestInvoker.java:146)
at org.testng.internal.TestMethodWorker.invokeTestMethods(TestMethodWorker.java:146)
at org.testng.internal.TestMethodWorker.run(TestMethodWorker.java:128)
at java.base/java.util.ArrayList.forEach(ArrayList.java:1511)
at org.testng.TestRunner.privateRun(TestRunner.java:766)
at org.testng.TestRunner.run(TestRunner.java:587)
at org.testng.SuiteRunner.runTest(SuiteRunner.java:384)
at org.testng.SuiteRunner.runSequentially(SuiteRunner.java:378)
at org.testng.SuiteRunner.privateRun(SuiteRunner.java:337)
at org.testng.SuiteRunner.run(SuiteRunner.java:286)
at org.testng.SuiteRunnerWorker.runSuite(SuiteRunnerWorker.java:53)
at org.testng.SuiteRunnerWorker.run(SuiteRunnerWorker.java:96)
at org.testng.TestNG.runSuitesSequentially(TestNG.java:1187)
at org.testng.TestNG.runSuitesLocally(TestNG.java:1109)
at org.testng.TestNG.runSuites(TestNG.java:1039)
at org.testng.TestNG.run(TestNG.java:1007)
at org.apache.maven.surefire.testng.TestNGExecutor.run(TestNGExecutor.java:284)
at org.apache.maven.surefire.testng.TestNGXmlTestSuite.execute(TestNGXmlTestSuite.java:75)
at org.apache.maven.surefire.testng.TestNGProvider.invoke(TestNGProvider.java:119)
at org.apache.maven.surefire.booter.ForkedBooter.runSuitesInProcess(ForkedBooter.java:428)
at org.apache.maven.surefire.booter.ForkedBooter.execute(ForkedBooter.java:162)
at org.apache.maven.surefire.booter.ForkedBooter.run(ForkedBooter.java:562)
at org.apache.maven.surefire.booter.ForkedBooter.main(ForkedBooter.java:548)
]]>
            </full-stacktrace>
          </exception> <!-- java.lang.AssertionError -->
          <reporter-output>
          </reporter-output>
        </test-method> <!-- homepageWithThreeArrivalsNevigation -->
        <test-method is-config="true" signature="browserClose()[pri:0, instance:com.vyasa.automation.maventesting.HomepageAutomation@6a370f4]" started-at="2022-10-07T13:43:15 IST" name="browserClose" finished-at="2022-10-07T13:43:16 IST" duration-ms="703" status="PASS">
          <reporter-output>
          </reporter-output>
        </test-method> <!-- browserClose -->
      </class> <!-- com.vyasa.automation.maventesting.HomepageAutomation -->
      <class name="com.vyasa.automation.maventesting.TestNGAnnotations">
        <test-method is-config="true" signature="beforeSuite()[pri:0, instance:com.vyasa.automation.maventesting.TestNGAnnotations@3972a855]" started-at="2022-10-07T13:42:36 IST" name="beforeSuite" finished-at="2022-10-07T13:42:36 IST" duration-ms="19" status="PASS">
          <reporter-output>
          </reporter-output>
        </test-method> <!-- beforeSuite -->
        <test-method is-config="true" signature="beforeTest()[pri:0, instance:com.vyasa.automation.maventesting.TestNGAnnotations@3972a855]" started-at="2022-10-07T13:42:36 IST" name="beforeTest" finished-at="2022-10-07T13:42:36 IST" duration-ms="2" status="PASS">
          <reporter-output>
          </reporter-output>
        </test-method> <!-- beforeTest -->
        <test-method is-config="true" signature="beforeMethod()[pri:0, instance:com.vyasa.automation.maventesting.TestNGAnnotations@3972a855]" started-at="2022-10-07T13:42:50 IST" name="beforeMethod" finished-at="2022-10-07T13:42:50 IST" duration-ms="2" status="PASS">
          <reporter-output>
          </reporter-output>
        </test-method> <!-- beforeMethod -->
        <test-method is-config="true" signature="beforeClass()[pri:0, instance:com.vyasa.automation.maventesting.TestNGAnnotations@3972a855]" started-at="2022-10-07T13:42:50 IST" name="beforeClass" finished-at="2022-10-07T13:42:50 IST" duration-ms="0" status="PASS">
          <reporter-output>
          </reporter-output>
        </test-method> <!-- beforeClass -->
        <test-method signature="testMethod()[pri:0, instance:com.vyasa.automation.maventesting.TestNGAnnotations@3972a855]" started-at="2022-10-07T13:42:50 IST" name="testMethod" finished-at="2022-10-07T13:42:50 IST" duration-ms="0" status="PASS">
          <reporter-output>
          </reporter-output>
        </test-method> <!-- testMethod -->
        <test-method is-config="true" signature="afterMethod()[pri:0, instance:com.vyasa.automation.maventesting.TestNGAnnotations@3972a855]" started-at="2022-10-07T13:42:50 IST" name="afterMethod" finished-at="2022-10-07T13:42:50 IST" duration-ms="1" status="PASS">
          <reporter-output>
          </reporter-output>
        </test-method> <!-- afterMethod -->
        <test-method is-config="true" signature="afterClass()[pri:0, instance:com.vyasa.automation.maventesting.TestNGAnnotations@3972a855]" started-at="2022-10-07T13:42:50 IST" name="afterClass" finished-at="2022-10-07T13:42:50 IST" duration-ms="0" status="PASS">
          <reporter-output>
          </reporter-output>
        </test-method> <!-- afterClass -->
        <test-method is-config="true" signature="afterTest()[pri:0, instance:com.vyasa.automation.maventesting.TestNGAnnotations@3972a855]" started-at="2022-10-07T13:43:28 IST" name="afterTest" finished-at="2022-10-07T13:43:28 IST" duration-ms="1" status="PASS">
          <reporter-output>
          </reporter-output>
        </test-method> <!-- afterTest -->
        <test-method is-config="true" signature="afterSuite()[pri:0, instance:com.vyasa.automation.maventesting.TestNGAnnotations@3972a855]" started-at="2022-10-07T13:43:28 IST" name="afterSuite" finished-at="2022-10-07T13:43:28 IST" duration-ms="0" status="PASS">
          <reporter-output>
          </reporter-output>
        </test-method> <!-- afterSuite -->
      </class> <!-- com.vyasa.automation.maventesting.TestNGAnnotations -->
    </test> <!-- Test -->
  </suite> <!-- Suite -->
</testng-results>
